<?xml version="1.0" encoding="UTF-8"?>
<testng-results ignored="1" total="2" passed="1" failed="0" skipped="0">
  <reporter-output>
  </reporter-output>
  <suite started-at="2020-03-19T10:11:14Z" name="AccurideV1" finished-at="2020-03-19T10:12:37Z" duration-ms="82243">
    <groups>
    </groups>
    <test started-at="2020-03-19T10:11:14Z" name="Accurides smoke Test" finished-at="2020-03-19T10:12:37Z" duration-ms="82243">
      <class name="com.accuride.testCases.TC_footersection">
        <test-method is-config="true" signature="setup(java.lang.String)[pri:0, instance:com.accuride.testCases.TC_footersection@358ee631]" started-at="2020-03-19T10:11:14Z" name="setup" finished-at="2020-03-19T10:11:24Z" duration-ms="10074" status="PASS">
          <params>
            <param index="0">
              <value>
                <![CDATA[chrome]]>
              </value>
            </param>
          </params>
          <reporter-output>
          </reporter-output>
        </test-method> <!-- setup -->
        <test-method signature="footersection_check()[pri:0, instance:com.accuride.testCases.TC_footersection@358ee631]" started-at="2020-03-19T10:11:24Z" name="footersection_check" finished-at="2020-03-19T10:12:36Z" duration-ms="71316" status="PASS">
          <reporter-output>
          </reporter-output>
        </test-method> <!-- footersection_check -->
        <test-method is-config="true" signature="tearDown()[pri:0, instance:com.accuride.testCases.TC_footersection@358ee631]" started-at="2020-03-19T10:12:36Z" name="tearDown" finished-at="2020-03-19T10:12:37Z" duration-ms="707" status="PASS">
          <reporter-output>
          </reporter-output>
        </test-method> <!-- tearDown -->
      </class> <!-- com.accuride.testCases.TC_footersection -->
    </test> <!-- Accurides smoke Test -->
  </suite> <!-- AccurideV1 -->
</testng-results>
