<?xml version="1.0" encoding="UTF-8"?>
<!-- Generated by org.testng.reporters.JUnitXMLReporter -->
<testsuite ignored="0" hostname="CashpointTest" failures="0" tests="2" name="Accurides smoke Test" time="17.647" errors="0" timestamp="18 Mar 2020 10:34:31 GMT">
  <testcase classname="com.accuride.testCases.TC_footersection" name="footersection" time="0.315"/>
  <testcase classname="com.accuride.testCases.TC_footersection" name="footersection_check" time="8.336"/>
</testsuite> <!-- Accurides smoke Test -->
