<?xml version="1.0" encoding="UTF-8"?>
<!-- Generated by org.testng.reporters.JUnitXMLReporter -->
<testsuite ignored="1" hostname="CashpointTest" failures="1" tests="1" name="Accurides smoke Test" time="288.943" errors="0" timestamp="20 Mar 2020 09:31:31 GMT">
  <testcase classname="com.accuride.testCases.TC_footersection" name="footersection_check" time="230.844">
    <failure type="java.lang.NullPointerException">
      <![CDATA[java.lang.NullPointerException
at com.accuride.testCases.TC_footersection.footersection_check(TC_footersection.java:26)
... Removed 25 stack frames]]>
    </failure>
  </testcase> <!-- footersection_check -->
  <testcase classname="com.accuride.testCases.TC_footersection" name="footersection" time="0.0">
    <ignored/>
  </testcase> <!-- footersection -->
</testsuite> <!-- Accurides smoke Test -->
